{"E:\\courses\\redux-starter\\src\\math.js": {"path":"E:\\courses\\redux-starter\\src\\math.js","statementMap":{"0":{"start":{"line":1,"column":22},"end":{"line":1,"column":50}},"1":{"start":{"line":1,"column":34},"end":{"line":1,"column":50}}},"fnMap":{"0":{"name":"(anonymous_0)","decl":{"start":{"line":1,"column":22},"end":{"line":1,"column":23}},"loc":{"start":{"line":1,"column":34},"end":{"line":1,"column":50}},"line":1}},"branchMap":{},"s":{"0":1,"1":2},"f":{"0":2},"b":{},"_coverageSchema":"1a1c01bbd47fc00a2c39e90264f33305004495a9","hash":"84ad2cde69608acfaf706fab43693f67118eadba"}
,"E:\\courses\\redux-starter\\src\\store\\api.js": {"path":"E:\\courses\\redux-starter\\src\\store\\api.js","statementMap":{"0":{"start":{"line":3,"column":28},"end":{"line":3,"column":57}},"1":{"start":{"line":4,"column":30},"end":{"line":4,"column":61}},"2":{"start":{"line":5,"column":29},"end":{"line":5,"column":59}}},"fnMap":{},"branchMap":{},"s":{"0":1,"1":1,"2":1},"f":{},"b":{},"_coverageSchema":"1a1c01bbd47fc00a2c39e90264f33305004495a9","hash":"49930fdcad10cfd0ec7759551eae3489da2a810d"}
,"E:\\courses\\redux-starter\\src\\store\\bugs.js": {"path":"E:\\courses\\redux-starter\\src\\store\\bugs.js","statementMap":{"0":{"start":{"line":6,"column":13},"end":{"line":6,"column":14}},"1":{"start":{"line":8,"column":14},"end":{"line":41,"column":2}},"2":{"start":{"line":17,"column":6},"end":{"line":17,"column":26}},"3":{"start":{"line":20,"column":6},"end":{"line":20,"column":27}},"4":{"start":{"line":23,"column":6},"end":{"line":23,"column":33}},"5":{"start":{"line":24,"column":6},"end":{"line":24,"column":27}},"6":{"start":{"line":25,"column":6},"end":{"line":25,"column":34}},"7":{"start":{"line":28,"column":6},"end":{"line":28,"column":37}},"8":{"start":{"line":32,"column":20},"end":{"line":32,"column":78}},"9":{"start":{"line":32,"column":49},"end":{"line":32,"column":77}},"10":{"start":{"line":33,"column":6},"end":{"line":33,"column":39}},"11":{"start":{"line":36,"column":36},"end":{"line":36,"column":50}},"12":{"start":{"line":37,"column":20},"end":{"line":37,"column":66}},"13":{"start":{"line":37,"column":49},"end":{"line":37,"column":65}},"14":{"start":{"line":38,"column":6},"end":{"line":38,"column":39}},"15":{"start":{"line":49,"column":4},"end":{"line":49,"column":17}},"16":{"start":{"line":52,"column":12},"end":{"line":52,"column":19}},"17":{"start":{"line":54,"column":24},"end":{"line":67,"column":1}},"18":{"start":{"line":54,"column":30},"end":{"line":67,"column":1}},"19":{"start":{"line":55,"column":24},"end":{"line":55,"column":48}},"20":{"start":{"line":56,"column":24},"end":{"line":56,"column":67}},"21":{"start":{"line":57,"column":2},"end":{"line":57,"column":33}},"22":{"start":{"line":57,"column":26},"end":{"line":57,"column":33}},"23":{"start":{"line":59,"column":2},"end":{"line":66,"column":4}},"24":{"start":{"line":68,"column":22},"end":{"line":77,"column":1}},"25":{"start":{"line":68,"column":31},"end":{"line":77,"column":1}},"26":{"start":{"line":69,"column":2},"end":{"line":76,"column":4}},"27":{"start":{"line":78,"column":26},"end":{"line":87,"column":1}},"28":{"start":{"line":78,"column":34},"end":{"line":87,"column":1}},"29":{"start":{"line":79,"column":2},"end":{"line":86,"column":4}},"30":{"start":{"line":88,"column":30},"end":{"line":97,"column":1}},"31":{"start":{"line":88,"column":49},"end":{"line":97,"column":1}},"32":{"start":{"line":89,"column":2},"end":{"line":96,"column":4}},"33":{"start":{"line":100,"column":33},"end":{"line":104,"column":1}},"34":{"start":{"line":101,"column":13},"end":{"line":101,"column":32}},"35":{"start":{"line":102,"column":13},"end":{"line":102,"column":36}},"36":{"start":{"line":103,"column":12},"end":{"line":103,"column":52}},"37":{"start":{"line":103,"column":38},"end":{"line":103,"column":51}},"38":{"start":{"line":106,"column":29},"end":{"line":110,"column":3}},"39":{"start":{"line":107,"column":2},"end":{"line":110,"column":3}},"40":{"start":{"line":108,"column":15},"end":{"line":108,"column":34}},"41":{"start":{"line":109,"column":14},"end":{"line":109,"column":62}},"42":{"start":{"line":109,"column":40},"end":{"line":109,"column":61}}},"fnMap":{"0":{"name":"(anonymous_0)","decl":{"start":{"line":16,"column":19},"end":{"line":16,"column":20}},"loc":{"start":{"line":16,"column":37},"end":{"line":18,"column":5}},"line":16},"1":{"name":"(anonymous_1)","decl":{"start":{"line":19,"column":23},"end":{"line":19,"column":24}},"loc":{"start":{"line":19,"column":41},"end":{"line":21,"column":5}},"line":19},"2":{"name":"(anonymous_2)","decl":{"start":{"line":22,"column":18},"end":{"line":22,"column":19}},"loc":{"start":{"line":22,"column":36},"end":{"line":26,"column":5}},"line":22},"3":{"name":"(anonymous_3)","decl":{"start":{"line":27,"column":14},"end":{"line":27,"column":15}},"loc":{"start":{"line":27,"column":32},"end":{"line":29,"column":5}},"line":27},"4":{"name":"(anonymous_4)","decl":{"start":{"line":31,"column":17},"end":{"line":31,"column":18}},"loc":{"start":{"line":31,"column":35},"end":{"line":34,"column":5}},"line":31},"5":{"name":"(anonymous_5)","decl":{"start":{"line":32,"column":40},"end":{"line":32,"column":41}},"loc":{"start":{"line":32,"column":49},"end":{"line":32,"column":77}},"line":32},"6":{"name":"(anonymous_6)","decl":{"start":{"line":35,"column":23},"end":{"line":35,"column":24}},"loc":{"start":{"line":35,"column":41},"end":{"line":39,"column":5}},"line":35},"7":{"name":"(anonymous_7)","decl":{"start":{"line":37,"column":40},"end":{"line":37,"column":41}},"loc":{"start":{"line":37,"column":49},"end":{"line":37,"column":65}},"line":37},"8":{"name":"(anonymous_8)","decl":{"start":{"line":54,"column":24},"end":{"line":54,"column":25}},"loc":{"start":{"line":54,"column":30},"end":{"line":67,"column":1}},"line":54},"9":{"name":"(anonymous_9)","decl":{"start":{"line":54,"column":30},"end":{"line":54,"column":31}},"loc":{"start":{"line":54,"column":54},"end":{"line":67,"column":1}},"line":54},"10":{"name":"(anonymous_10)","decl":{"start":{"line":68,"column":22},"end":{"line":68,"column":23}},"loc":{"start":{"line":68,"column":31},"end":{"line":77,"column":1}},"line":68},"11":{"name":"(anonymous_11)","decl":{"start":{"line":68,"column":31},"end":{"line":68,"column":32}},"loc":{"start":{"line":68,"column":55},"end":{"line":77,"column":1}},"line":68},"12":{"name":"(anonymous_12)","decl":{"start":{"line":78,"column":26},"end":{"line":78,"column":27}},"loc":{"start":{"line":78,"column":34},"end":{"line":87,"column":1}},"line":78},"13":{"name":"(anonymous_13)","decl":{"start":{"line":78,"column":34},"end":{"line":78,"column":35}},"loc":{"start":{"line":78,"column":58},"end":{"line":87,"column":1}},"line":78},"14":{"name":"(anonymous_14)","decl":{"start":{"line":88,"column":30},"end":{"line":88,"column":31}},"loc":{"start":{"line":88,"column":49},"end":{"line":97,"column":1}},"line":88},"15":{"name":"(anonymous_15)","decl":{"start":{"line":88,"column":49},"end":{"line":88,"column":50}},"loc":{"start":{"line":88,"column":73},"end":{"line":97,"column":1}},"line":88},"16":{"name":"(anonymous_16)","decl":{"start":{"line":101,"column":2},"end":{"line":101,"column":3}},"loc":{"start":{"line":101,"column":13},"end":{"line":101,"column":32}},"line":101},"17":{"name":"(anonymous_17)","decl":{"start":{"line":102,"column":2},"end":{"line":102,"column":3}},"loc":{"start":{"line":102,"column":13},"end":{"line":102,"column":36}},"line":102},"18":{"name":"(anonymous_18)","decl":{"start":{"line":103,"column":2},"end":{"line":103,"column":3}},"loc":{"start":{"line":103,"column":12},"end":{"line":103,"column":52}},"line":103},"19":{"name":"(anonymous_19)","decl":{"start":{"line":103,"column":29},"end":{"line":103,"column":30}},"loc":{"start":{"line":103,"column":38},"end":{"line":103,"column":51}},"line":103},"20":{"name":"(anonymous_20)","decl":{"start":{"line":106,"column":29},"end":{"line":106,"column":30}},"loc":{"start":{"line":107,"column":2},"end":{"line":110,"column":3}},"line":107},"21":{"name":"(anonymous_21)","decl":{"start":{"line":108,"column":4},"end":{"line":108,"column":5}},"loc":{"start":{"line":108,"column":15},"end":{"line":108,"column":34}},"line":108},"22":{"name":"(anonymous_22)","decl":{"start":{"line":109,"column":4},"end":{"line":109,"column":5}},"loc":{"start":{"line":109,"column":14},"end":{"line":109,"column":62}},"line":109},"23":{"name":"(anonymous_23)","decl":{"start":{"line":109,"column":31},"end":{"line":109,"column":32}},"loc":{"start":{"line":109,"column":40},"end":{"line":109,"column":61}},"line":109}},"branchMap":{"0":{"loc":{"start":{"line":57,"column":2},"end":{"line":57,"column":33}},"type":"if","locations":[{"start":{"line":57,"column":2},"end":{"line":57,"column":33}},{"start":{"line":57,"column":2},"end":{"line":57,"column":33}}],"line":57}},"s":{"0":1,"1":1,"2":5,"3":2,"4":3,"5":3,"6":3,"7":3,"8":1,"9":1,"10":1,"11":1,"12":1,"13":1,"14":1,"15":1,"16":1,"17":1,"18":6,"19":6,"20":6,"21":6,"22":1,"23":5,"24":1,"25":4,"26":4,"27":1,"28":1,"29":1,"30":1,"31":1,"32":1,"33":1,"34":1,"35":1,"36":1,"37":3,"38":1,"39":1,"40":1,"41":1,"42":3},"f":{"0":5,"1":2,"2":3,"3":3,"4":1,"5":1,"6":1,"7":1,"8":6,"9":6,"10":4,"11":4,"12":1,"13":1,"14":1,"15":1,"16":1,"17":1,"18":1,"19":3,"20":1,"21":1,"22":1,"23":3},"b":{"0":[1,5]},"_coverageSchema":"1a1c01bbd47fc00a2c39e90264f33305004495a9","hash":"a442c8097f70da6a0a7b691f009a8f415090bf8e"}
,"E:\\courses\\redux-starter\\src\\store\\configureStore.js": {"path":"E:\\courses\\redux-starter\\src\\store\\configureStore.js","statementMap":{"0":{"start":{"line":8,"column":2},"end":{"line":16,"column":5}}},"fnMap":{"0":{"name":"(anonymous_0)","decl":{"start":{"line":7,"column":15},"end":{"line":7,"column":16}},"loc":{"start":{"line":7,"column":27},"end":{"line":17,"column":1}},"line":7}},"branchMap":{},"s":{"0":11},"f":{"0":11},"b":{},"_coverageSchema":"1a1c01bbd47fc00a2c39e90264f33305004495a9","hash":"f9c0de8a35953679df7bb9a9e0d24c2e76f39b77"}
,"E:\\courses\\redux-starter\\src\\store\\entities.js": {"path":"E:\\courses\\redux-starter\\src\\store\\entities.js","statementMap":{},"fnMap":{},"branchMap":{},"s":{},"f":{},"b":{},"_coverageSchema":"1a1c01bbd47fc00a2c39e90264f33305004495a9","hash":"872083a3591d4c06936a869b72887a82a3f2d1d0"}
,"E:\\courses\\redux-starter\\src\\store\\projects.js": {"path":"E:\\courses\\redux-starter\\src\\store\\projects.js","statementMap":{"0":{"start":{"line":3,"column":13},"end":{"line":3,"column":14}},"1":{"start":{"line":5,"column":14},"end":{"line":16,"column":2}},"2":{"start":{"line":10,"column":6},"end":{"line":13,"column":9}},"3":{"start":{"line":17,"column":32},"end":{"line":17,"column":45}}},"fnMap":{"0":{"name":"(anonymous_0)","decl":{"start":{"line":9,"column":18},"end":{"line":9,"column":19}},"loc":{"start":{"line":9,"column":40},"end":{"line":14,"column":5}},"line":9}},"branchMap":{},"s":{"0":1,"1":1,"2":0,"3":1},"f":{"0":0},"b":{},"_coverageSchema":"1a1c01bbd47fc00a2c39e90264f33305004495a9","hash":"4aee7ca4da4816a6d499a6b1ba779282e9715ff5"}
,"E:\\courses\\redux-starter\\src\\store\\reducer.js": {"path":"E:\\courses\\redux-starter\\src\\store\\reducer.js","statementMap":{},"fnMap":{},"branchMap":{},"s":{},"f":{},"b":{},"_coverageSchema":"1a1c01bbd47fc00a2c39e90264f33305004495a9","hash":"2710697dffc58af311e3b58f3167ddad6640614f"}
,"E:\\courses\\redux-starter\\src\\store\\users.js": {"path":"E:\\courses\\redux-starter\\src\\store\\users.js","statementMap":{"0":{"start":{"line":3,"column":13},"end":{"line":3,"column":14}},"1":{"start":{"line":5,"column":14},"end":{"line":16,"column":2}},"2":{"start":{"line":10,"column":6},"end":{"line":13,"column":9}},"3":{"start":{"line":17,"column":29},"end":{"line":17,"column":42}}},"fnMap":{"0":{"name":"(anonymous_0)","decl":{"start":{"line":9,"column":15},"end":{"line":9,"column":16}},"loc":{"start":{"line":9,"column":34},"end":{"line":14,"column":5}},"line":9}},"branchMap":{},"s":{"0":1,"1":1,"2":0,"3":1},"f":{"0":0},"b":{},"_coverageSchema":"1a1c01bbd47fc00a2c39e90264f33305004495a9","hash":"abad22ec6b159f604b78e25146bff3d997e5ae05"}
,"E:\\courses\\redux-starter\\src\\store\\middleware\\api.js": {"path":"E:\\courses\\redux-starter\\src\\store\\middleware\\api.js","statementMap":{"0":{"start":{"line":5,"column":2},"end":{"line":26,"column":3}},"1":{"start":{"line":6,"column":2},"end":{"line":26,"column":3}},"2":{"start":{"line":7,"column":2},"end":{"line":26,"column":3}},"3":{"start":{"line":8,"column":4},"end":{"line":8,"column":71}},"4":{"start":{"line":8,"column":51},"end":{"line":8,"column":71}},"5":{"start":{"line":10,"column":63},"end":{"line":10,"column":77}},"6":{"start":{"line":11,"column":4},"end":{"line":11,"column":45}},"7":{"start":{"line":11,"column":17},"end":{"line":11,"column":45}},"8":{"start":{"line":12,"column":4},"end":{"line":12,"column":17}},"9":{"start":{"line":13,"column":4},"end":{"line":25,"column":5}},"10":{"start":{"line":14,"column":23},"end":{"line":19,"column":8}},"11":{"start":{"line":20,"column":6},"end":{"line":20,"column":54}},"12":{"start":{"line":21,"column":6},"end":{"line":21,"column":75}},"13":{"start":{"line":21,"column":21},"end":{"line":21,"column":75}},"14":{"start":{"line":23,"column":6},"end":{"line":23,"column":53}},"15":{"start":{"line":24,"column":6},"end":{"line":24,"column":71}},"16":{"start":{"line":24,"column":19},"end":{"line":24,"column":71}}},"fnMap":{"0":{"name":"(anonymous_0)","decl":{"start":{"line":5,"column":2},"end":{"line":5,"column":3}},"loc":{"start":{"line":6,"column":2},"end":{"line":26,"column":3}},"line":6},"1":{"name":"(anonymous_1)","decl":{"start":{"line":6,"column":2},"end":{"line":6,"column":3}},"loc":{"start":{"line":7,"column":2},"end":{"line":26,"column":3}},"line":7},"2":{"name":"(anonymous_2)","decl":{"start":{"line":7,"column":2},"end":{"line":7,"column":3}},"loc":{"start":{"line":7,"column":20},"end":{"line":26,"column":3}},"line":7}},"branchMap":{"0":{"loc":{"start":{"line":8,"column":4},"end":{"line":8,"column":71}},"type":"if","locations":[{"start":{"line":8,"column":4},"end":{"line":8,"column":71}},{"start":{"line":8,"column":4},"end":{"line":8,"column":71}}],"line":8},"1":{"loc":{"start":{"line":11,"column":4},"end":{"line":11,"column":45}},"type":"if","locations":[{"start":{"line":11,"column":4},"end":{"line":11,"column":45}},{"start":{"line":11,"column":4},"end":{"line":11,"column":45}}],"line":11},"2":{"loc":{"start":{"line":21,"column":6},"end":{"line":21,"column":75}},"type":"if","locations":[{"start":{"line":21,"column":6},"end":{"line":21,"column":75}},{"start":{"line":21,"column":6},"end":{"line":21,"column":75}}],"line":21},"3":{"loc":{"start":{"line":24,"column":6},"end":{"line":24,"column":71}},"type":"if","locations":[{"start":{"line":24,"column":6},"end":{"line":24,"column":71}},{"start":{"line":24,"column":6},"end":{"line":24,"column":71}}],"line":24}},"s":{"0":1,"1":11,"2":11,"3":37,"4":26,"5":11,"6":11,"7":5,"8":11,"9":11,"10":11,"11":8,"12":8,"13":8,"14":3,"15":3,"16":2},"f":{"0":11,"1":11,"2":37},"b":{"0":[26,11],"1":[5,6],"2":[8,0],"3":[2,1]},"_coverageSchema":"1a1c01bbd47fc00a2c39e90264f33305004495a9","hash":"604908e5130c8e8f7c2ec2e45167b8d56c75bfc0"}
,"E:\\courses\\redux-starter\\src\\store\\middleware\\logger.js": {"path":"E:\\courses\\redux-starter\\src\\store\\middleware\\logger.js","statementMap":{"0":{"start":{"line":1,"column":15},"end":{"line":4,"column":1}},"1":{"start":{"line":1,"column":26},"end":{"line":4,"column":1}},"2":{"start":{"line":1,"column":37},"end":{"line":4,"column":1}},"3":{"start":{"line":1,"column":47},"end":{"line":4,"column":1}},"4":{"start":{"line":2,"column":2},"end":{"line":2,"column":32}},"5":{"start":{"line":3,"column":2},"end":{"line":3,"column":22}}},"fnMap":{"0":{"name":"(anonymous_0)","decl":{"start":{"line":1,"column":15},"end":{"line":1,"column":16}},"loc":{"start":{"line":1,"column":26},"end":{"line":4,"column":1}},"line":1},"1":{"name":"(anonymous_1)","decl":{"start":{"line":1,"column":26},"end":{"line":1,"column":27}},"loc":{"start":{"line":1,"column":37},"end":{"line":4,"column":1}},"line":1},"2":{"name":"(anonymous_2)","decl":{"start":{"line":1,"column":37},"end":{"line":1,"column":38}},"loc":{"start":{"line":1,"column":47},"end":{"line":4,"column":1}},"line":1},"3":{"name":"(anonymous_3)","decl":{"start":{"line":1,"column":47},"end":{"line":1,"column":48}},"loc":{"start":{"line":1,"column":59},"end":{"line":4,"column":1}},"line":1}},"branchMap":{},"s":{"0":1,"1":11,"2":11,"3":11,"4":37,"5":37},"f":{"0":11,"1":11,"2":11,"3":37},"b":{},"_coverageSchema":"1a1c01bbd47fc00a2c39e90264f33305004495a9","hash":"e2dc583e8b93cd413749fefb9c5a1fa7ede89d9d"}
,"E:\\courses\\redux-starter\\src\\store\\middleware\\toast.js": {"path":"E:\\courses\\redux-starter\\src\\store\\middleware\\toast.js","statementMap":{"0":{"start":{"line":1,"column":14},"end":{"line":4,"column":1}},"1":{"start":{"line":1,"column":25},"end":{"line":4,"column":1}},"2":{"start":{"line":1,"column":36},"end":{"line":4,"column":1}},"3":{"start":{"line":1,"column":46},"end":{"line":4,"column":1}},"4":{"start":{"line":2,"column":2},"end":{"line":3,"column":27}},"5":{"start":{"line":2,"column":31},"end":{"line":2,"column":80}},"6":{"start":{"line":3,"column":7},"end":{"line":3,"column":27}}},"fnMap":{"0":{"name":"(anonymous_0)","decl":{"start":{"line":1,"column":14},"end":{"line":1,"column":15}},"loc":{"start":{"line":1,"column":25},"end":{"line":4,"column":1}},"line":1},"1":{"name":"(anonymous_1)","decl":{"start":{"line":1,"column":25},"end":{"line":1,"column":26}},"loc":{"start":{"line":1,"column":36},"end":{"line":4,"column":1}},"line":1},"2":{"name":"(anonymous_2)","decl":{"start":{"line":1,"column":36},"end":{"line":1,"column":37}},"loc":{"start":{"line":1,"column":46},"end":{"line":4,"column":1}},"line":1},"3":{"name":"(anonymous_3)","decl":{"start":{"line":1,"column":46},"end":{"line":1,"column":47}},"loc":{"start":{"line":1,"column":58},"end":{"line":4,"column":1}},"line":1}},"branchMap":{"0":{"loc":{"start":{"line":2,"column":2},"end":{"line":3,"column":27}},"type":"if","locations":[{"start":{"line":2,"column":2},"end":{"line":3,"column":27}},{"start":{"line":2,"column":2},"end":{"line":3,"column":27}}],"line":2}},"s":{"0":1,"1":11,"2":11,"3":11,"4":37,"5":0,"6":37},"f":{"0":11,"1":11,"2":11,"3":37},"b":{"0":[0,37]},"_coverageSchema":"1a1c01bbd47fc00a2c39e90264f33305004495a9","hash":"c558a59776cb397918ebd3234568c3f55560a147"}
}
